-------------------------------------------------------------------------------
Test set: Create Category
-------------------------------------------------------------------------------
Tests run: 4, Failures: 0, Errors: 1, Skipped: 0, Time elapsed: 25.87 s <<< FAILURE! - in Create Category
Create Category.Create Category with filled form as anon user  Time elapsed: 2.264 s  <<< ERROR!
net.serenitybdd.core.exceptions.SerenityManagedException: 
1 expectation failed.
Expected status code <401> but was <200>.


