<?xml version="1.0" encoding="UTF-8"?><testsuite errors="0" failures="0" name="Create Comment for Product" skipped="0" tests="8" time="28.12" timestamp="2022-11-03 09:31:44"><testcase name="Create Product Comment with valid ID and filled form as registered user"/><testcase name="Create Product Comment with valid ID and filled form as anon user"/><testcase name="Create Product Comment with invalid ID and filled form as registered user"/><testcase name="Create Product Comment with invalid ID and filled form as anon user"/><testcase name="Create Product Comment with valid ID and empty form as registered user"/><testcase name="Create Product Comment with valid ID and empty form as anon user"/><testcase name="Create Product Comment with invalid ID and empty form as registered user"/><testcase name="Create Product Comment with invalid ID and empty form as anon user"/></testsuite>